<?xml version="1.0" encoding="UTF-8"?>
<!-- Generated by org.testng.reporters.JUnitReportReporter -->
<testsuite hostname="Sharmins-MacBook-Pro.local" name="tests.NewTestng1" tests="1" failures="0" timestamp="6 Feb 2021 07:56:35 GMT" time="31.054" errors="0">
  <testcase name="f" time="31.054" classname="tests.NewTestng1"/>
</testsuite> <!-- tests.NewTestng1 -->
